<?xml version="1.0" encoding="UTF-8"?>
<!-- Generated by org.testng.reporters.JUnitXMLReporter -->
<testsuite hostname="LAPTOP-08B0HJGN" ignored="0" name="Surefire test" tests="6" failures="1" timestamp="2022-06-24T03:30:30 AST" time="57.927" errors="0">
  <testcase name="runScenario" time="11.305" classname="io.cucumber.testng.AbstractTestNGCucumberTests"/>
  <testcase name="runScenario" time="6.743" classname="io.cucumber.testng.AbstractTestNGCucumberTests"/>
  <testcase name="runScenario" time="14.692" classname="io.cucumber.testng.AbstractTestNGCucumberTests"/>
  <testcase name="runScenario" time="4.891" classname="io.cucumber.testng.AbstractTestNGCucumberTests"/>
  <testcase name="runScenario" time="11.216" classname="io.cucumber.testng.AbstractTestNGCucumberTests"/>
  <testcase name="runScenario" time="8.418" classname="io.cucumber.testng.AbstractTestNGCucumberTests">
    <failure type="java.lang.AssertionError" message="expected [https://demo.nopcommerce.com/search?q=nokia] but found []">
      <![CDATA[java.lang.AssertionError: expected [https://demo.nopcommerce.com/search?q=nokia] but found []
at org.example.StepDefinitions.D06_HomeSliders.navigateHomeSliders(D06_HomeSliders.java:22)
at âœ½.user could navigate Nokia products through homeSliders(file:///C:/Users/Asmaa/IdeaProjects/EcommerceAppProject/src/main/resources/features/F06_HomeSliders.feature:5)
... Removed 6 stack frames]]>
    </failure>
  </testcase> <!-- runScenario -->
</testsuite> <!-- Surefire test -->
