<?xml version="1.0" encoding="UTF-8"?>
<!-- Generated by org.testng.reporters.JUnitReportReporter -->
<testsuite skipped="0" hostname="LAPTOP-08B0HJGN" name="org.example.Runner.testRunner" tests="6" failures="1" timestamp="2022-06-24T03:30:30 AST" time="57.265" errors="0">
  <testcase name="runScenario" time="8.418" classname="org.example.Runner.testRunner">
    <failure type="java.lang.AssertionError" message="expected [https://demo.nopcommerce.com/search?q=nokia] but found []">
      <![CDATA[java.lang.AssertionError: expected [https://demo.nopcommerce.com/search?q=nokia] but found []
at org.testng.Assert.fail(Assert.java:110)
at org.testng.Assert.failNotEquals(Assert.java:1413)
at org.testng.Assert.assertEqualsImpl(Assert.java:149)
at org.testng.Assert.assertEquals(Assert.java:131)
at org.testng.Assert.assertEquals(Assert.java:655)
at org.testng.Assert.assertEquals(Assert.java:665)
at org.example.StepDefinitions.D06_HomeSliders.navigateHomeSliders(D06_HomeSliders.java:22)
at âœ½.user could navigate Nokia products through homeSliders(file:///C:/Users/Asmaa/IdeaProjects/EcommerceAppProject/src/main/resources/features/F06_HomeSliders.feature:5)
]]>
    </failure>
  </testcase> <!-- runScenario -->
  <system-out/>
  <testcase name="runScenario" time="11.216" classname="org.example.Runner.testRunner"/>
  <system-out/>
  <testcase name="runScenario" time="14.692" classname="org.example.Runner.testRunner"/>
  <system-out/>
  <testcase name="runScenario" time="4.891" classname="org.example.Runner.testRunner"/>
  <system-out/>
  <testcase name="runScenario" time="6.743" classname="org.example.Runner.testRunner"/>
  <system-out/>
  <testcase name="runScenario" time="11.305" classname="org.example.Runner.testRunner"/>
  <system-out/>
</testsuite> <!-- org.example.Runner.testRunner -->
